<?xml version="1.0" encoding="UTF-8"?>
<testsuite name="isp.lab7.safehome.SafeHomeTest" time="0.009" tests="10" errors="1" skipped="0" failures="9">
  <properties>
[...]
</properties>
  <testcase name="whenWrongPinThrowInvalidPinException" classname="isp.lab7.safehome.SafeHomeTest" time="0.005">
    <failure message="No exception should be added while creating new tenant" type="java.lang.AssertionError">java.lang.AssertionError: No exception should be added while creating new tenant
	at org.junit.Assert.fail(Assert.java:88)
	at isp.lab7.safehome.SafeHomeTest.whenWrongPinThrowInvalidPinException(SafeHomeTest.java:36)
</failure>
  </testcase>
  <testcase name="whenTooManyAttemptsDoorPermanentlyLocked" classname="isp.lab7.safehome.SafeHomeTest" time="0">
    <failure message="No exception should be thrown " type="java.lang.AssertionError">java.lang.AssertionError: No exception should be thrown 
	at org.junit.Assert.fail(Assert.java:88)
	at isp.lab7.safehome.SafeHomeTest.whenTooManyAttemptsDoorPermanentlyLocked(SafeHomeTest.java:78)
</failure>
  </testcase>
  <testcase name="whenTenantDoesNotExistThanTenantIsAdded" classname="isp.lab7.safehome.SafeHomeTest" time="0.002">
    <error message="Cannot invoke &quot;isp.lab7.safehome.ControllerInterface.addTenant(String, String)&quot; because &quot;this.ctrl&quot; is null" type="java.lang.NullPointerException">java.lang.NullPointerException: Cannot invoke "isp.lab7.safehome.ControllerInterface.addTenant(String, String)" because "this.ctrl" is null
	at isp.lab7.safehome.SafeHomeTest.whenTenantDoesNotExistThanTenantIsAdded(SafeHomeTest.java:157)
</error>
  </testcase>
  <testcase name="whenCorrectPinDoorOpen" classname="isp.lab7.safehome.SafeHomeTest" time="0">
    <failure message="No exception should be added while creating new tenant" type="java.lang.AssertionError">java.lang.AssertionError: No exception should be added while creating new tenant
	at org.junit.Assert.fail(Assert.java:88)
	at isp.lab7.safehome.SafeHomeTest.whenCorrectPinDoorOpen(SafeHomeTest.java:25)
</failure>
  </testcase>
  <testcase name="whenDoorPermanentlyLockedAndMasterKeyIsUsedThanRetriesCountShouldBeReset" classname="isp.lab7.safehome.SafeHomeTest" time="0">
    <failure message="No exception should be thrown " type="java.lang.AssertionError">java.lang.AssertionError: No exception should be thrown 
	at org.junit.Assert.fail(Assert.java:88)
	at isp.lab7.safehome.SafeHomeTest.whenDoorPermanentlyLockedAndMasterKeyIsUsedThanRetriesCountShouldBeReset(SafeHomeTest.java:114)
</failure>
  </testcase>
  <testcase name="whenTenantRemovedAccessIsAlsoRemoved" classname="isp.lab7.safehome.SafeHomeTest" time="0.001">
    <failure message="No exception should be added while creating new tenant" type="java.lang.AssertionError">java.lang.AssertionError: No exception should be added while creating new tenant
	at org.junit.Assert.fail(Assert.java:88)
	at isp.lab7.safehome.SafeHomeTest.whenTenantRemovedAccessIsAlsoRemoved(SafeHomeTest.java:192)
</failure>
  </testcase>
  <testcase name="whenTenantAlreadyExistsThanExceptionShouldBeThrown" classname="isp.lab7.safehome.SafeHomeTest" time="0">
    <failure message="No exception should be added while creating new tenant" type="java.lang.AssertionError">java.lang.AssertionError: No exception should be added while creating new tenant
	at org.junit.Assert.fail(Assert.java:88)
	at isp.lab7.safehome.SafeHomeTest.whenTenantAlreadyExistsThanExceptionShouldBeThrown(SafeHomeTest.java:166)
</failure>
  </testcase>
  <testcase name="whenTenantNotFoundThanRemoveTenantThrowsException" classname="isp.lab7.safehome.SafeHomeTest" time="0">
    <failure message="Wrong exception name." type="java.lang.AssertionError">java.lang.AssertionError: Wrong exception name.
	at org.junit.Assert.fail(Assert.java:88)
	at org.junit.Assert.assertTrue(Assert.java:41)
	at isp.lab7.safehome.SafeHomeTest.assertExceptionType(SafeHomeTest.java:206)
	at isp.lab7.safehome.SafeHomeTest.whenTenantNotFoundThanRemoveTenantThrowsException(SafeHomeTest.java:183)
</failure>
  </testcase>
  <testcase name="whenEnterPinDoorRevertStatus" classname="isp.lab7.safehome.SafeHomeTest" time="0.001">
    <failure message="No exception should be added while creating new tenant" type="java.lang.AssertionError">java.lang.AssertionError: No exception should be added while creating new tenant
	at org.junit.Assert.fail(Assert.java:88)
	at isp.lab7.safehome.SafeHomeTest.whenEnterPinDoorRevertStatus(SafeHomeTest.java:146)
</failure>
  </testcase>
  <testcase name="whenTooManyAttemptsThrowTooManyAttemptsException" classname="isp.lab7.safehome.SafeHomeTest" time="0">
    <failure message="No exception should be added while creating new tenant" type="java.lang.AssertionError">java.lang.AssertionError: No exception should be added while creating new tenant
	at org.junit.Assert.fail(Assert.java:88)
	at isp.lab7.safehome.SafeHomeTest.whenTooManyAttemptsThrowTooManyAttemptsException(SafeHomeTest.java:52)
</failure>
  </testcase>
</testsuite>